Build started 8/2/2013 4:00:53 PM.
     1>Project "D:\code.google.com\cams\cams.vcxproj" on node 3 (build target(s)).
     1>InitializeBuildStatus:
         Creating "Debug\cams.unsuccessfulbuild" because "AlwaysCreate" was specified.
       ClCompile:
         C:\Program Files\Microsoft Visual Studio 10.0\VC\bin\CL.exe /c /I.\include /I.\include\ideasXML /I".\3rd-Apps\fsEDs\include" /I".\3rd-Apps\DB_Connect\include" /ZI /nologo /W3 /WX- /Od /Oy- /D DOM_MSXML4 /D WIN32 /D _DEBUG /D _WINDOWS /D _USRDLL /D CAMS_EXPORTS /D _MBCS /D _AFXDLL /Gm /EHsc /RTC1 /MDd /GS /fp:precise /Zc:wchar_t /Zc:forScope /Fo"Debug\\" /Fd"Debug\vc100.pdb" /Gd /TP /wd4996 /wd6387 /wd4114 /analyze- /errorReport:prompt src\CAMS_CLI.cpp src\CAMS_DBUtil.cpp src\CAMS_Initialize.cpp src\CAMS_Instance_Control.cpp src\CAMS_Wrapper.cpp src\CAMS_XML_Database.cpp
         CAMS_DBUtil.cpp
         _WIN32_WINNT not defined. Defaulting to _WIN32_WINNT_MAXVER (see WinSDKVer.h)
     1>d:\code.google.com\cams\include\idtimeutils.h(260): warning C4244: 'argument' : conversion from 'double' to 'float', possible loss of data
         Generating Code...
         Skipping... (no relevant changes detected)
         CAMS_XML_Database.cpp
         CAMS_Wrapper.cpp
         CAMS_Instance_Control.cpp
         CAMS_Initialize.cpp
         CAMS_CLI.cpp
       Lib:
         C:\Program Files\Microsoft Visual Studio 10.0\VC\bin\Lib.exe /OUT:".\lib\win32\cams.lib" fsEDs.lib /LIBPATH:.\lib\win32 /LIBPATH:".\3rd-Apps\fsEDs\lib\win32" /NOLOGO Debug\CAMS_CLI.obj
         Debug\CAMS_DBUtil.obj
         Debug\CAMS_Debug_File.obj
         Debug\CAMS_Exec.obj
         Debug\CAMS_Gen_Utility.obj
         Debug\CAMS_Initialize.obj
         Debug\CAMS_Instance_Control.obj
         Debug\CAMS_Language_Support.obj
         Debug\CAMS_Log.obj
         Debug\CAMS_Wrapper.obj
         Debug\CAMS_XML_Database.obj
         Debug\DOMParser.obj
         Debug\IdEntityMap.obj
         Debug\IdXmlUtility.obj
         Debug\IdXmlWkr.obj
         cams.vcxproj -> D:\code.google.com\cams\.\lib\win32\cams.lib
       FinalizeBuildStatus:
         Deleting file "Debug\cams.unsuccessfulbuild".
         Touching "Debug\cams.lastbuildstate".
     1>Done Building Project "D:\code.google.com\cams\cams.vcxproj" (build target(s)).

Build succeeded.

Time Elapsed 00:00:08.89
