E:\0612CPP01\cams\3rd-Apps\XML\.\lib\win32\xml.lib
E:\0612CPP01\cams\3rd-Apps\XML\Debug\BscMake.command.1.tlog
E:\0612CPP01\cams\3rd-Apps\XML\Debug\bscmake.read.1.tlog
E:\0612CPP01\cams\3rd-Apps\XML\Debug\bscmake.write.1.tlog
E:\0612CPP01\CAMS\3RD-APPS\XML\DEBUG\CAMS_XML_PARSE.OBJ
E:\0612CPP01\CAMS\3RD-APPS\XML\DEBUG\CAMS_XML_PARSE.SBR
E:\0612CPP01\cams\3rd-Apps\XML\Debug\cl.command.1.tlog
E:\0612CPP01\cams\3rd-Apps\XML\Debug\CL.read.1.tlog
E:\0612CPP01\cams\3rd-Apps\XML\Debug\CL.write.1.tlog
E:\0612CPP01\cams\3rd-Apps\XML\Debug\lib.command.1.tlog
E:\0612CPP01\cams\3rd-Apps\XML\Debug\Lib-link.read.1.tlog
E:\0612CPP01\cams\3rd-Apps\XML\Debug\Lib-link.write.1.tlog
E:\0612CPP01\cams\3rd-Apps\XML\Debug\msxml3.tlh
E:\0612CPP01\cams\3rd-Apps\XML\Debug\msxml3.tli
E:\0612CPP01\CAMS\3RD-APPS\XML\DEBUG\PARSINGXML.BSC
E:\0612CPP01\CAMS\3RD-APPS\XML\DEBUG\PARSINGXML.PCH
E:\0612CPP01\CAMS\3RD-APPS\XML\DEBUG\STDAFX.OBJ
E:\0612CPP01\CAMS\3RD-APPS\XML\DEBUG\STDAFX.SBR
E:\0612CPP01\cams\3rd-Apps\XML\Debug\vc100.idb
E:\0612CPP01\CAMS\3RD-APPS\XML\DEBUG\VC100.PDB
E:\0612CPP01\CAMS\3RD-APPS\XML\LIB\WIN32\XML.LIB
