E:\0612CPP01\cams\.\lib\win32\cams.lib
E:\0612CPP01\cams\Debug\cams.write.1.tlog
E:\0612CPP01\CAMS\DEBUG\CAMS_CLI.OBJ
E:\0612CPP01\CAMS\DEBUG\CAMS_DBUTIL.OBJ
E:\0612CPP01\CAMS\DEBUG\CAMS_DEBUG_FILE.OBJ
E:\0612CPP01\CAMS\DEBUG\CAMS_EXEC.OBJ
E:\0612CPP01\CAMS\DEBUG\CAMS_GEN_UTILITY.OBJ
E:\0612CPP01\CAMS\DEBUG\CAMS_INITIALIZE.OBJ
E:\0612CPP01\CAMS\DEBUG\CAMS_INSTANCE_CONTROL.OBJ
E:\0612CPP01\CAMS\DEBUG\CAMS_LANGUAGE_SUPPORT.OBJ
E:\0612CPP01\CAMS\DEBUG\CAMS_LOG.OBJ
E:\0612CPP01\CAMS\DEBUG\CAMS_WRAPPER.OBJ
E:\0612CPP01\cams\Debug\cl.command.1.tlog
E:\0612CPP01\cams\Debug\CL.read.1.tlog
E:\0612CPP01\cams\Debug\CL.write.1.tlog
E:\0612CPP01\CAMS\DEBUG\DOMPARSER.OBJ
E:\0612CPP01\CAMS\DEBUG\IDENTITYMAP.OBJ
E:\0612CPP01\CAMS\DEBUG\IDXMLUTILITY.OBJ
E:\0612CPP01\CAMS\DEBUG\IDXMLWKR.OBJ
E:\0612CPP01\cams\Debug\lib.command.1.tlog
E:\0612CPP01\cams\Debug\Lib-link.read.1.tlog
E:\0612CPP01\cams\Debug\Lib-link.write.1.tlog
E:\0612CPP01\cams\Debug\msxml4.tlh
E:\0612CPP01\cams\Debug\msxml4.tli
E:\0612CPP01\cams\Debug\vc100.idb
E:\0612CPP01\CAMS\DEBUG\VC100.PDB
E:\0612CPP01\CAMS\LIB\WIN32\CAMS.LIB
