.\Debug\ParsingXML.bsc
.\Debug\ParsingXML.ilk
.\Debug\ParsingXML.pdb
E:\0612CPP01\xml-parser\ParsingXML__C-C___\ParsingXML (C-C++)\Debug\BscMake.command.1.tlog
E:\0612CPP01\xml-parser\ParsingXML__C-C___\ParsingXML (C-C++)\Debug\bscmake.read.1.tlog
E:\0612CPP01\xml-parser\ParsingXML__C-C___\ParsingXML (C-C++)\Debug\bscmake.write.1.tlog
E:\0612CPP01\xml-parser\ParsingXML__C-C___\ParsingXML (C-C++)\Debug\cl.command.1.tlog
E:\0612CPP01\xml-parser\ParsingXML__C-C___\ParsingXML (C-C++)\Debug\CL.read.1.tlog
E:\0612CPP01\xml-parser\ParsingXML__C-C___\ParsingXML (C-C++)\Debug\CL.write.1.tlog
E:\0612CPP01\xml-parser\ParsingXML__C-C___\ParsingXML (C-C++)\Debug\link.2552.read.1.tlog
E:\0612CPP01\xml-parser\ParsingXML__C-C___\ParsingXML (C-C++)\Debug\link.2552.write.1.tlog
E:\0612CPP01\xml-parser\ParsingXML__C-C___\ParsingXML (C-C++)\Debug\link.2552-cvtres.read.1.tlog
E:\0612CPP01\xml-parser\ParsingXML__C-C___\ParsingXML (C-C++)\Debug\link.2552-cvtres.write.1.tlog
E:\0612CPP01\xml-parser\ParsingXML__C-C___\ParsingXML (C-C++)\Debug\link.command.1.tlog
E:\0612CPP01\xml-parser\ParsingXML__C-C___\ParsingXML (C-C++)\Debug\link.read.1.tlog
E:\0612CPP01\xml-parser\ParsingXML__C-C___\ParsingXML (C-C++)\Debug\link.write.1.tlog
E:\0612CPP01\xml-parser\ParsingXML__C-C___\ParsingXML (C-C++)\Debug\link-cvtres.read.1.tlog
E:\0612CPP01\xml-parser\ParsingXML__C-C___\ParsingXML (C-C++)\Debug\link-cvtres.write.1.tlog
E:\0612CPP01\xml-parser\ParsingXML__C-C___\ParsingXML (C-C++)\Debug\msxml3.tlh
E:\0612CPP01\xml-parser\ParsingXML__C-C___\ParsingXML (C-C++)\Debug\msxml3.tli
E:\0612CPP01\xml-parser\ParsingXML__C-C___\ParsingXML (C-C++)\Debug\mt.command.1.tlog
E:\0612CPP01\xml-parser\ParsingXML__C-C___\ParsingXML (C-C++)\Debug\mt.read.1.tlog
E:\0612CPP01\xml-parser\ParsingXML__C-C___\ParsingXML (C-C++)\Debug\mt.write.1.tlog
E:\0612CPP01\XML-PARSER\PARSINGXML__C-C___\PARSINGXML (C-C++)\DEBUG\PARSINGXML.BSC
E:\0612CPP01\XML-PARSER\PARSINGXML__C-C___\PARSINGXML (C-C++)\DEBUG\PARSINGXML.EXE
E:\0612CPP01\XML-PARSER\PARSINGXML__C-C___\PARSINGXML (C-C++)\DEBUG\PARSINGXML.EXE.EMBED.MANIFEST
E:\0612CPP01\XML-PARSER\PARSINGXML__C-C___\PARSINGXML (C-C++)\DEBUG\PARSINGXML.EXE.EMBED.MANIFEST.RES
E:\0612CPP01\XML-PARSER\PARSINGXML__C-C___\PARSINGXML (C-C++)\DEBUG\PARSINGXML.EXE.INTERMEDIATE.MANIFEST
E:\0612CPP01\XML-PARSER\PARSINGXML__C-C___\PARSINGXML (C-C++)\DEBUG\PARSINGXML.ILK
E:\0612CPP01\XML-PARSER\PARSINGXML__C-C___\PARSINGXML (C-C++)\DEBUG\PARSINGXML.OBJ
E:\0612CPP01\XML-PARSER\PARSINGXML__C-C___\PARSINGXML (C-C++)\DEBUG\PARSINGXML.PCH
E:\0612CPP01\XML-PARSER\PARSINGXML__C-C___\PARSINGXML (C-C++)\DEBUG\PARSINGXML.PDB
E:\0612CPP01\XML-PARSER\PARSINGXML__C-C___\PARSINGXML (C-C++)\DEBUG\PARSINGXML.SBR
E:\0612CPP01\xml-parser\ParsingXML__C-C___\ParsingXML (C-C++)\Debug\ParsingXML_manifest.rc
E:\0612CPP01\xml-parser\ParsingXML__C-C___\ParsingXML (C-C++)\Debug\rc.command.1.tlog
E:\0612CPP01\xml-parser\ParsingXML__C-C___\ParsingXML (C-C++)\Debug\rc.read.1.tlog
E:\0612CPP01\xml-parser\ParsingXML__C-C___\ParsingXML (C-C++)\Debug\rc.write.1.tlog
E:\0612CPP01\XML-PARSER\PARSINGXML__C-C___\PARSINGXML (C-C++)\DEBUG\STDAFX.OBJ
E:\0612CPP01\XML-PARSER\PARSINGXML__C-C___\PARSINGXML (C-C++)\DEBUG\STDAFX.SBR
E:\0612CPP01\xml-parser\ParsingXML__C-C___\ParsingXML (C-C++)\Debug\vc100.idb
E:\0612CPP01\XML-PARSER\PARSINGXML__C-C___\PARSINGXML (C-C++)\DEBUG\VC100.PDB
